<?xml version="1.0" encoding="UTF-8"?>
<!-- Generated by org.testng.reporters.JUnitReportReporter -->
<testsuite hostname="pelg01" failures="0" tests="2" name="Tests.ProjectFlowStructuredTest1" time="46.602" errors="0" timestamp="2022-01-30T23:29:24 GMT" skipped="0">
  <testcase classname="Tests.ProjectFlowStructuredTest1" name="disable_active_project_on_Project_page" time="30.531"/>
  <system-out/>
  <testcase classname="Tests.ProjectFlowStructuredTest1" name="verify_disabled_project_on_Project_page" time="16.071"/>
  <system-out/>
</testsuite> <!-- Tests.ProjectFlowStructuredTest1 -->
