<?xml version="1.0" encoding="UTF-8"?>
<!-- Generated by org.testng.reporters.JUnitReportReporter -->
<testsuite hostname="pelg01" failures="0" tests="1" name="Tests.ManualInterventionDocument" time="64.075" errors="0" timestamp="2022-01-30T23:29:24 GMT" skipped="0">
  <testcase classname="Tests.ManualInterventionDocument" name="manual_intervention_freeform_rejected_document" time="64.075"/>
  <system-out/>
</testsuite> <!-- Tests.ManualInterventionDocument -->
