<?xml version="1.0" encoding="UTF-8"?>
<!-- Generated by org.testng.reporters.JUnitReportReporter -->
<testsuite hostname="pelg01" failures="0" tests="10" name="Tests.CreateUpdateRolePlatformAdminTest" time="146.035" errors="0" timestamp="2022-01-30T23:29:24 GMT" skipped="0">
  <testcase classname="Tests.CreateUpdateRolePlatformAdminTest" name="create_role_with_blank_rolename_permission" time="17.314"/>
  <system-out/>
  <testcase classname="Tests.CreateUpdateRolePlatformAdminTest" name="create_role_with_valid_rolename_blank_permission" time="11.727"/>
  <system-out/>
  <testcase classname="Tests.CreateUpdateRolePlatformAdminTest" name="create_role_with_blank_rolename_valid_permission" time="18.417"/>
  <system-out/>
  <testcase classname="Tests.CreateUpdateRolePlatformAdminTest" name="create_role_with_valid_rolename_permission" time="18.481"/>
  <system-out/>
  <testcase classname="Tests.CreateUpdateRolePlatformAdminTest" name="create_role_with_existing_name" time="20.512"/>
  <system-out/>
  <testcase classname="Tests.CreateUpdateRolePlatformAdminTest" name="search_created_role" time="3.267"/>
  <system-out/>
  <testcase classname="Tests.CreateUpdateRolePlatformAdminTest" name="update_role_with_valid_data" time="17.406"/>
  <system-out/>
  <testcase classname="Tests.CreateUpdateRolePlatformAdminTest" name="remove_all_permissions_update" time="12.326"/>
  <system-out/>
  <testcase classname="Tests.CreateUpdateRolePlatformAdminTest" name="disable_status_role_update" time="11.250"/>
  <system-out/>
  <testcase classname="Tests.CreateUpdateRolePlatformAdminTest" name="enable_status_role_update" time="15.335"/>
  <system-out/>
</testsuite> <!-- Tests.CreateUpdateRolePlatformAdminTest -->
