<?xml version="1.0" encoding="UTF-8"?>
<!-- Generated by org.testng.reporters.JUnitReportReporter -->
<testsuite hostname="pelg01" failures="0" tests="9" name="Tests.DocProcessFreeFormTest" time="116.445" errors="0" timestamp="2022-01-30T23:29:24 GMT" skipped="0">
  <testcase classname="Tests.DocProcessFreeFormTest" name="search_project" time="18.003"/>
  <system-out/>
  <testcase classname="Tests.DocProcessFreeFormTest" name="search_document" time="4.281"/>
  <system-out/>
  <testcase classname="Tests.DocProcessFreeFormTest" name="update_document_cancel_it" time="16.594"/>
  <system-out/>
  <testcase classname="Tests.DocProcessFreeFormTest" name="hide_unhide_analytics" time="4.118"/>
  <system-out/>
  <testcase classname="Tests.DocProcessFreeFormTest" name="documents_filter" time="14.451"/>
  <system-out/>
  <testcase classname="Tests.DocProcessFreeFormTest" name="sorting" time="19.717"/>
  <system-out/>
  <testcase classname="Tests.DocProcessFreeFormTest" name="items_per_page" time="4.152"/>
  <system-out/>
  <testcase classname="Tests.DocProcessFreeFormTest" name="next_page_previous_page_first_page_last_page" time="8.307"/>
  <system-out/>
  <testcase classname="Tests.DocProcessFreeFormTest" name="anti_clockwise_clockwise_zoomin_zoomout_navigate_right_left" time="26.822"/>
  <system-out/>
</testsuite> <!-- Tests.DocProcessFreeFormTest -->
