<?xml version="1.0" encoding="UTF-8"?>
<!-- Generated by org.testng.reporters.JUnitReportReporter -->
<testsuite hostname="pelg01" failures="0" tests="6" name="Tests.ProjectBREMedicalChartDocumentTest1" time="96.547" errors="0" timestamp="2022-01-30T23:29:24 GMT" skipped="0">
  <testcase classname="Tests.ProjectBREMedicalChartDocumentTest1" name="verify_rejected_document_no_data_extracted_on_medical_chart" time="25.226"/>
  <system-out/>
  <testcase classname="Tests.ProjectBREMedicalChartDocumentTest1" name="edit_encounter_detail_and_enter_invalid_npi_physician_on_medical_chart" time="15.286"/>
  <system-out/>
  <testcase classname="Tests.ProjectBREMedicalChartDocumentTest1" name="run_rule_for_invalid_physicians_sign_on_medical_chart" time="13.867"/>
  <system-out/>
  <testcase classname="Tests.ProjectBREMedicalChartDocumentTest1" name="verify_icd_on_medical_chart" time="32.512"/>
  <system-out/>
  <testcase classname="Tests.ProjectBREMedicalChartDocumentTest1" name="save_without_hcc_comments_on_medical_chart" time="1.079"/>
  <system-out/>
  <testcase classname="Tests.ProjectBREMedicalChartDocumentTest1" name="save_with_hcc_comments_on_medical_chart" time="8.577"/>
  <system-out/>
</testsuite> <!-- Tests.ProjectBREMedicalChartDocumentTest1 -->
