<?xml version="1.0" encoding="UTF-8"?>
<!-- Generated by org.testng.reporters.JUnitReportReporter -->
<testsuite hostname="pelg01" failures="0" tests="12" name="Tests.DataSetTest" time="67.260" errors="0" timestamp="2022-01-30T23:29:24 GMT" skipped="0">
  <testcase classname="Tests.DataSetTest" name="create_category_with_blank_name" time="6.400"/>
  <system-out/>
  <testcase classname="Tests.DataSetTest" name="create_category_with_invalid_name" time="4.226"/>
  <system-out/>
  <testcase classname="Tests.DataSetTest" name="create_category_with_valid_name" time="6.247"/>
  <system-out/>
  <testcase classname="Tests.DataSetTest" name="add_dataset_with_blank_and_no_chosen_file" time="4.148"/>
  <system-out/>
  <testcase classname="Tests.DataSetTest" name="add_dataset_with_blank_and_name_chosen_file" time="6.332"/>
  <system-out/>
  <testcase classname="Tests.DataSetTest" name="add_dataset_with_csv_file_validation" time="8.352"/>
  <system-out/>
  <testcase classname="Tests.DataSetTest" name="add_dataset_created_category_name_chosen_file_valid_type" time="6.351"/>
  <system-out/>
  <testcase classname="Tests.DataSetTest" name="validation_type_as_name_to_create_new_dataset" time="4.143"/>
  <system-out/>
  <testcase classname="Tests.DataSetTest" name="validation_type_as_phone_role_to_create_new_dataset" time="8.218"/>
  <system-out/>
  <testcase classname="Tests.DataSetTest" name="search_created_document_and_expand" time="4.357"/>
  <system-out/>
  <testcase classname="Tests.DataSetTest" name="select_open_file_and_cancel" time="4.264"/>
  <system-out/>
  <testcase classname="Tests.DataSetTest" name="disable_dataset" time="4.222"/>
  <system-out/>
</testsuite> <!-- Tests.DataSetTest -->
