<?xml version="1.0" encoding="UTF-8"?>
<!-- Generated by org.testng.reporters.JUnitReportReporter -->
<testsuite hostname="pelg01" failures="0" tests="6" name="Tests.ProjectFlowFreeFormTest" time="77.380" errors="0" timestamp="2022-01-30T23:29:24 GMT" skipped="0">
  <testcase classname="Tests.ProjectFlowFreeFormTest" name="create_project_without_adding_attributes_and_role" time="36.352"/>
  <system-out/>
  <testcase classname="Tests.ProjectFlowFreeFormTest" name="create_project_without_adding_role" time="8.404"/>
  <system-out/>
  <testcase classname="Tests.ProjectFlowFreeFormTest" name="create_project_without_adding_user" time="8.624"/>
  <system-out/>
  <testcase classname="Tests.ProjectFlowFreeFormTest" name="verify_add_user" time="6.323"/>
  <system-out/>
  <testcase classname="Tests.ProjectFlowFreeFormTest" name="next_to_data" time="8.351"/>
  <system-out/>
  <testcase classname="Tests.ProjectFlowFreeFormTest" name="create_project_with_valid_details" time="9.326"/>
  <system-out/>
</testsuite> <!-- Tests.ProjectFlowFreeFormTest -->
