<?xml version="1.0" encoding="UTF-8"?>
<!-- Generated by org.testng.reporters.JUnitReportReporter -->
<testsuite hostname="pelg01" failures="0" tests="6" name="Tests.UpdateUserAdminTest" time="87.804" errors="0" timestamp="2022-01-30T23:29:24 GMT" skipped="0">
  <testcase classname="Tests.UpdateUserAdminTest" name="UpdateUserAdminFlow" time="26.573"/>
  <system-out/>
  <testcase classname="Tests.UpdateUserAdminTest" name="disable_user_update" time="7.129"/>
  <system-out/>
  <testcase classname="Tests.UpdateUserAdminTest" name="enable_user_update" time="4.108"/>
  <system-out/>
  <testcase classname="Tests.UpdateUserAdminTest" name="update_with_blank_name" time="12.389"/>
  <system-out/>
  <testcase classname="Tests.UpdateUserAdminTest" name="update_with_invalid_username" time="13.403"/>
  <system-out/>
  <testcase classname="Tests.UpdateUserAdminTest" name="update_with_valid_username" time="24.202"/>
  <system-out/>
</testsuite> <!-- Tests.UpdateUserAdminTest -->
