<?xml version="1.0" encoding="UTF-8"?>
<!-- Generated by org.testng.reporters.JUnitReportReporter -->
<testsuite hostname="pelg01" failures="0" tests="9" name="Tests.DocProcessStructuredTest" time="122.696" errors="0" timestamp="2022-01-30T23:29:24 GMT" skipped="0">
  <testcase classname="Tests.DocProcessStructuredTest" name="search_project" time="18.023"/>
  <system-out/>
  <testcase classname="Tests.DocProcessStructuredTest" name="searchbox_document" time="4.239"/>
  <system-out/>
  <testcase classname="Tests.DocProcessStructuredTest" name="update_document_cancel" time="21.687"/>
  <system-out/>
  <testcase classname="Tests.DocProcessStructuredTest" name="hide_unhide_analytics" time="4.122"/>
  <system-out/>
  <testcase classname="Tests.DocProcessStructuredTest" name="documents_filter" time="14.508"/>
  <system-out/>
  <testcase classname="Tests.DocProcessStructuredTest" name="sorting" time="19.643"/>
  <system-out/>
  <testcase classname="Tests.DocProcessStructuredTest" name="items_page" time="4.164"/>
  <system-out/>
  <testcase classname="Tests.DocProcessStructuredTest" name="next_page_previous_page_first_page_last_page" time="6.344"/>
  <system-out/>
  <testcase classname="Tests.DocProcessStructuredTest" name="anticlockwise_clockwise_zoomin_zoomout_navigate_right_left" time="29.966"/>
  <system-out/>
</testsuite> <!-- Tests.DocProcessStructuredTest -->
