<?xml version="1.0" encoding="UTF-8"?>
<!-- Generated by org.testng.reporters.JUnitReportReporter -->
<testsuite hostname="pelg01" failures="0" tests="6" name="Tests.ProjectBRETest" time="375.330" errors="0" timestamp="2022-01-30T23:29:24 GMT" skipped="0">
  <testcase classname="Tests.ProjectBRETest" name="bre_applied_to_name_pass" time="247.803"/>
  <system-out/>
  <testcase classname="Tests.ProjectBRETest" name="bre_applied_to_name_fail" time="16.905"/>
  <system-out/>
  <testcase classname="Tests.ProjectBRETest" name="bre_applied_to_address_pass" time="40.103"/>
  <system-out/>
  <testcase classname="Tests.ProjectBRETest" name="bre_applied_to_address_fail" time="17.082"/>
  <system-out/>
  <testcase classname="Tests.ProjectBRETest" name="bre_applied_to_state_pass" time="36.300"/>
  <system-out/>
  <testcase classname="Tests.ProjectBRETest" name="bre_applied_to_state_fail" time="17.137"/>
  <system-out/>
</testsuite> <!-- Tests.ProjectBRETest -->
