<?xml version="1.0" encoding="UTF-8"?>
<!-- Generated by org.testng.reporters.JUnitReportReporter -->
<testsuite hostname="pelg01" failures="0" tests="12" name="Tests.TemplateTest" time="191.228" errors="0" timestamp="2022-01-30T23:29:24 GMT" skipped="0">
  <testcase classname="Tests.TemplateTest" name="create_template_with_invalid_name" time="16.708"/>
  <system-out/>
  <testcase classname="Tests.TemplateTest" name="create_template_with_valid_name_no_chosen_file" time="7.253"/>
  <system-out/>
  <testcase classname="Tests.TemplateTest" name="create_template_with_already_exists_name_no_chosen_file" time="15.448"/>
  <system-out/>
  <testcase classname="Tests.TemplateTest" name="create_template_with_valid_name_chosen_file" time="17.439"/>
  <system-out/>
  <testcase classname="Tests.TemplateTest" name="search_created_template" time="8.587"/>
  <system-out/>
  <testcase classname="Tests.TemplateTest" name="zoom_in" time="6.202"/>
  <system-out/>
  <testcase classname="Tests.TemplateTest" name="zoom_out" time="22.804"/>
  <system-out/>
  <testcase classname="Tests.TemplateTest" name="delete_created_template_single_page" time="9.536"/>
  <system-out/>
  <testcase classname="Tests.TemplateTest" name="create_template_with_more_pages" time="46.998"/>
  <system-out/>
  <testcase classname="Tests.TemplateTest" name="navigate_next" time="5.107"/>
  <system-out/>
  <testcase classname="Tests.TemplateTest" name="navigate_back" time="14.648"/>
  <system-out/>
  <testcase classname="Tests.TemplateTest" name="delete_more_page_template" time="20.498"/>
  <system-out/>
</testsuite> <!-- Tests.TemplateTest -->
