<?xml version="1.0" encoding="UTF-8"?>
<!-- Generated by org.testng.reporters.JUnitReportReporter -->
<testsuite hostname="pelg01" failures="0" tests="7" name="Tests.ProjectFlowMedicalChart" time="79.506" errors="0" timestamp="2022-01-30T23:29:24 GMT" skipped="0">
  <testcase classname="Tests.ProjectFlowMedicalChart" name="check_all_functionalities_on_project_page" time="32.190"/>
  <system-out/>
  <testcase classname="Tests.ProjectFlowMedicalChart" name="create_project_without_entities_and_role" time="2.164"/>
  <system-out/>
  <testcase classname="Tests.ProjectFlowMedicalChart" name="create_project_with_entities_without_role" time="14.457"/>
  <system-out/>
  <testcase classname="Tests.ProjectFlowMedicalChart" name="create_project_without_user" time="6.633"/>
  <system-out/>
  <testcase classname="Tests.ProjectFlowMedicalChart" name="verify_add_user" time="6.372"/>
  <system-out/>
  <testcase classname="Tests.ProjectFlowMedicalChart" name="navigate_next_to_datapage_back_page" time="8.301"/>
  <system-out/>
  <testcase classname="Tests.ProjectFlowMedicalChart" name="create_project_with_valid_details" time="9.389"/>
  <system-out/>
</testsuite> <!-- Tests.ProjectFlowMedicalChart -->
