<?xml version="1.0" encoding="UTF-8"?>
<!-- Generated by org.testng.reporters.JUnitReportReporter -->
<testsuite hostname="pelg01" failures="0" tests="14" name="Tests.RoleWiseTest" time="103.773" errors="0" timestamp="2022-01-30T23:29:24 GMT" skipped="0">
  <testcase classname="Tests.RoleWiseTest" name="login_with_valid_username_password" time="23.522"/>
  <system-out/>
  <testcase classname="Tests.RoleWiseTest" name="admin_role_access_users_tab" time="5.124"/>
  <system-out/>
  <testcase classname="Tests.RoleWiseTest" name="admin_role_access_roles_tab" time="5.157"/>
  <system-out/>
  <testcase classname="Tests.RoleWiseTest" name="admin_role_access_templates_tab" time="5.090"/>
  <system-out/>
  <testcase classname="Tests.RoleWiseTest" name="admin_role_access_user_tab" time="5.151"/>
  <system-out/>
  <testcase classname="Tests.RoleWiseTest" name="admin_role_access_analytics_tab" time="5.104"/>
  <system-out/>
  <testcase classname="Tests.RoleWiseTest" name="admin_role_access_logout" time="7.311"/>
  <system-out/>
  <testcase classname="Tests.RoleWiseTest" name="supervisor_role_valid_login" time="9.334"/>
  <system-out/>
  <testcase classname="Tests.RoleWiseTest" name="supervisor_role_access_template" time="6.100"/>
  <system-out/>
  <testcase classname="Tests.RoleWiseTest" name="supervisor_role_access_document" time="6.116"/>
  <system-out/>
  <testcase classname="Tests.RoleWiseTest" name="supervisor_role_access_analytics" time="9.279"/>
  <system-out/>
  <testcase classname="Tests.RoleWiseTest" name="operator_role_with_valid_login" time="8.320"/>
  <system-out/>
  <testcase classname="Tests.RoleWiseTest" name="operator_role_access_document" time="4.082"/>
  <system-out/>
  <testcase classname="Tests.RoleWiseTest" name="operator_role_access_analytics" time="4.083"/>
  <system-out/>
</testsuite> <!-- Tests.RoleWiseTest -->
