<?xml version="1.0" encoding="UTF-8"?>
<!-- Generated by org.testng.reporters.JUnitReportReporter -->
<testsuite hostname="pelg01" failures="0" tests="6" name="Tests.ProjectBREMedicalChartTest" time="173.150" errors="0" timestamp="2022-01-30T23:29:24 GMT" skipped="0">
  <testcase classname="Tests.ProjectBREMedicalChartTest" name="check_all_functions_on_project_page" time="56.429"/>
  <system-out/>
  <testcase classname="Tests.ProjectBREMedicalChartTest" name="add_dataset" time="28.637"/>
  <system-out/>
  <testcase classname="Tests.ProjectBREMedicalChartTest" name="add_condition" time="29.674"/>
  <system-out/>
  <testcase classname="Tests.ProjectBREMedicalChartTest" name="add_action" time="10.709"/>
  <system-out/>
  <testcase classname="Tests.ProjectBREMedicalChartTest" name="set_document_status_ready" time="21.108"/>
  <system-out/>
  <testcase classname="Tests.ProjectBREMedicalChartTest" name="set_document_status_rejected" time="26.593"/>
  <system-out/>
</testsuite> <!-- Tests.ProjectBREMedicalChartTest -->
