<?xml version="1.0" encoding="UTF-8"?>
<!-- Generated by org.testng.reporters.JUnitReportReporter -->
<testsuite hostname="pelg01" failures="0" tests="16" name="Tests.AnalyticsTest" time="93.587" errors="0" timestamp="2022-01-30T23:29:24 GMT" skipped="0">
  <testcase classname="Tests.AnalyticsTest" name="test_organization_arrows_on_analytics_page" time="12.641"/>
  <system-out/>
  <testcase classname="Tests.AnalyticsTest" name="hover_total_users_on_Analytics_page" time="3.154"/>
  <system-out/>
  <testcase classname="Tests.AnalyticsTest" name="hover_total_documents_on_Analytics_page" time="3.144"/>
  <system-out/>
  <testcase classname="Tests.AnalyticsTest" name="hover_processed_documents_on_Analytics_page" time="3.139"/>
  <system-out/>
  <testcase classname="Tests.AnalyticsTest" name="hover_ready_to_process_on_Analytics_page" time="3.141"/>
  <system-out/>
  <testcase classname="Tests.AnalyticsTest" name="hover_ready_to_rejected_documents_on_Analytics_page" time="3.141"/>
  <system-out/>
  <testcase classname="Tests.AnalyticsTest" name="hover_validation_time_on_Analytics_page" time="3.141"/>
  <system-out/>
  <testcase classname="Tests.AnalyticsTest" name="hover_on_structured_on_Analytics_page" time="3.419"/>
  <system-out/>
  <testcase classname="Tests.AnalyticsTest" name="hover_on_semistructured_on_Analytics_page" time="3.439"/>
  <system-out/>
  <testcase classname="Tests.AnalyticsTest" name="hover_on_freeform_on_Analytics_page" time="3.448"/>
  <system-out/>
  <testcase classname="Tests.AnalyticsTest" name="hover_on_medicalchart_on_Analytics_page" time="8.655"/>
  <system-out/>
  <testcase classname="Tests.AnalyticsTest" name="search_project_on_Analytics_page" time="7.341"/>
  <system-out/>
  <testcase classname="Tests.AnalyticsTest" name="select_overall_data_on_Analytics_page" time="5.123"/>
  <system-out/>
  <testcase classname="Tests.AnalyticsTest" name="select_monthly_data_on_Analytics_page" time="9.193"/>
  <system-out/>
  <testcase classname="Tests.AnalyticsTest" name="select_weekly_data_on_Analytics_page" time="9.197"/>
  <system-out/>
  <testcase classname="Tests.AnalyticsTest" name="select_daily_data_on_Analytics_page" time="12.271"/>
  <system-out/>
</testsuite> <!-- Tests.AnalyticsTest -->
