<?xml version="1.0" encoding="UTF-8"?>
<!-- Generated by org.testng.reporters.JUnitReportReporter -->
<testsuite hostname="pelg01" failures="0" tests="1" name="Tests.ProjectBREDataSetTest" time="113.195" errors="0" timestamp="2022-01-30T23:29:24 GMT" skipped="0">
  <testcase classname="Tests.ProjectBREDataSetTest" name="bre_applied_to_name_using_dataset_fail" time="113.195"/>
  <system-out/>
</testsuite> <!-- Tests.ProjectBREDataSetTest -->
