<?xml version="1.0" encoding="UTF-8"?>
<!-- Generated by org.testng.reporters.JUnitReportReporter -->
<testsuite hostname="pelg01" failures="0" tests="6" name="Tests.EditProfileTest" time="35.551" errors="0" timestamp="2022-01-30T23:29:24 GMT" skipped="0">
  <testcase classname="Tests.EditProfileTest" name="visible_password_on" time="14.153"/>
  <system-out/>
  <testcase classname="Tests.EditProfileTest" name="visible_password_off" time="9.100"/>
  <system-out/>
  <testcase classname="Tests.EditProfileTest" name="profile_icon" time="2.254"/>
  <system-out/>
  <testcase classname="Tests.EditProfileTest" name="night_mode_day_mode" time="4.693"/>
  <system-out/>
  <testcase classname="Tests.EditProfileTest" name="edit_profile" time="3.235"/>
  <system-out/>
  <testcase classname="Tests.EditProfileTest" name="edit_profile_cancel" time="2.116"/>
  <system-out/>
</testsuite> <!-- Tests.EditProfileTest -->
