<?xml version="1.0" encoding="UTF-8"?>
<!-- Generated by org.testng.reporters.JUnitReportReporter -->
<testsuite hostname="pelg01" failures="0" tests="23" name="Tests.LoginTest" time="197.234" errors="0" timestamp="2022-01-30T23:29:24 GMT" skipped="0">
  <testcase classname="Tests.LoginTest" name="verification_of_title_logo_and_login_with_blank_details" time="7.082"/>
  <system-out/>
  <testcase classname="Tests.LoginTest" name="login_with_invalid_username_and_blank_password" time="2.219"/>
  <system-out/>
  <testcase classname="Tests.LoginTest" name="login_with_blank_username_and_valid_password" time="6.215"/>
  <system-out/>
  <testcase classname="Tests.LoginTest" name="login_with_blank_username_and_invalid_password" time="5.163"/>
  <system-out/>
  <testcase classname="Tests.LoginTest" name="login_with_valid_username_and_blank_password" time="8.691"/>
  <system-out/>
  <testcase classname="Tests.LoginTest" name="login_with_invalid_username_and_password" time="4.324"/>
  <system-out/>
  <testcase classname="Tests.LoginTest" name="login_with_invalid_username_and_valid_password" time="7.631"/>
  <system-out/>
  <testcase classname="Tests.LoginTest" name="login_with_valid_username_and_invalid_password" time="7.627"/>
  <system-out/>
  <testcase classname="Tests.LoginTest" name="login_with_valid_username_and_password" time="17.589"/>
  <system-out/>
  <testcase classname="Tests.LoginTest" name="navigate_backward" time="2.590"/>
  <system-out/>
  <testcase classname="Tests.LoginTest" name="logout_for_platform_admin" time="5.117"/>
  <system-out/>
  <testcase classname="Tests.LoginTest" name="login_with_invalid_username_password" time="4.333"/>
  <system-out/>
  <testcase classname="Tests.LoginTest" name="login_with_invalid_username_and_valid_password_for_admin" time="7.595"/>
  <system-out/>
  <testcase classname="Tests.LoginTest" name="login_with_valid_username_and_invalid_password_admin" time="7.634"/>
  <system-out/>
  <testcase classname="Tests.LoginTest" name="login_with_valid_username_and_password_admin" time="19.638"/>
  <system-out/>
  <testcase classname="Tests.LoginTest" name="login_with_invalid_username_and_password_supervisor" time="7.504"/>
  <system-out/>
  <testcase classname="Tests.LoginTest" name="login_with_invalid_username_and_valid_password_supervisor" time="7.579"/>
  <system-out/>
  <testcase classname="Tests.LoginTest" name="login_with_valid_username_and_invalid_password_supervisor" time="7.611"/>
  <system-out/>
  <testcase classname="Tests.LoginTest" name="login_with_valid_username_and_password_supervisor" time="17.706"/>
  <system-out/>
  <testcase classname="Tests.LoginTest" name="login_with_invalid_username_and_password_for_operator" time="7.527"/>
  <system-out/>
  <testcase classname="Tests.LoginTest" name="login_with_invalid_username_and_valid_password_for_operator" time="7.613"/>
  <system-out/>
  <testcase classname="Tests.LoginTest" name="login_with_valid_username_and_invalid_password_for_operator" time="7.600"/>
  <system-out/>
  <testcase classname="Tests.LoginTest" name="login_with_valid_username_and_password_for_operator" time="20.646"/>
  <system-out/>
</testsuite> <!-- Tests.LoginTest -->
