<?xml version="1.0" encoding="UTF-8"?>
<!-- Generated by org.testng.reporters.JUnitReportReporter -->
<testsuite hostname="pelg01" failures="0" tests="15" name="Tests.FunctionalTabTest" time="164.413" errors="0" timestamp="2022-01-30T23:29:24 GMT" skipped="0">
  <testcase classname="Tests.FunctionalTabTest" name="click_on_n_icon" time="3.253"/>
  <system-out/>
  <testcase classname="Tests.FunctionalTabTest" name="horizontal_users_tab" time="9.105"/>
  <system-out/>
  <testcase classname="Tests.FunctionalTabTest" name="horizontal_roles_tab" time="11.089"/>
  <system-out/>
  <testcase classname="Tests.FunctionalTabTest" name="horizontal_templates_tab" time="13.176"/>
  <system-out/>
  <testcase classname="Tests.FunctionalTabTest" name="horizontal_datasets_tab" time="11.170"/>
  <system-out/>
  <testcase classname="Tests.FunctionalTabTest" name="horizontal_projects_tab" time="13.236"/>
  <system-out/>
  <testcase classname="Tests.FunctionalTabTest" name="horizontal_documents_tab" time="11.227"/>
  <system-out/>
  <testcase classname="Tests.FunctionalTabTest" name="horizontal_analytics_tab" time="11.552"/>
  <system-out/>
  <testcase classname="Tests.FunctionalTabTest" name="vertical_users_tab" time="11.192"/>
  <system-out/>
  <testcase classname="Tests.FunctionalTabTest" name="vertical_roles_tab" time="11.131"/>
  <system-out/>
  <testcase classname="Tests.FunctionalTabTest" name="vertical_templates_tab" time="13.147"/>
  <system-out/>
  <testcase classname="Tests.FunctionalTabTest" name="vertical_datasets_tab" time="11.140"/>
  <system-out/>
  <testcase classname="Tests.FunctionalTabTest" name="vertical_projects_tab" time="13.230"/>
  <system-out/>
  <testcase classname="Tests.FunctionalTabTest" name="vertical_Documents_tab" time="10.477"/>
  <system-out/>
  <testcase classname="Tests.FunctionalTabTest" name="vertical_analytics_tab" time="10.288"/>
  <system-out/>
</testsuite> <!-- Tests.FunctionalTabTest -->
