<?xml version="1.0" encoding="UTF-8"?>
<!-- Generated by org.testng.reporters.JUnitReportReporter -->
<testsuite hostname="pelg01" failures="0" tests="6" name="Tests.CreateUserAdminTest" time="86.743" errors="0" timestamp="2022-01-30T23:29:24 GMT" skipped="0">
  <testcase classname="Tests.CreateUserAdminTest" name="valid_login_with_admin_credentials" time="21.257"/>
  <system-out/>
  <testcase classname="Tests.CreateUserAdminTest" name="create_user_with_blank_data" time="11.399"/>
  <system-out/>
  <testcase classname="Tests.CreateUserAdminTest" name="create_user_with_valid_data" time="14.455"/>
  <system-out/>
  <testcase classname="Tests.CreateUserAdminTest" name="create_user_with_invalid_data" time="11.428"/>
  <system-out/>
  <testcase classname="Tests.CreateUserAdminTest" name="disable_user" time="11.623"/>
  <system-out/>
  <testcase classname="Tests.CreateUserAdminTest" name="enable_disabled_user" time="16.581"/>
  <system-out/>
</testsuite> <!-- Tests.CreateUserAdminTest -->
