<?xml version="1.0" encoding="UTF-8"?>
<!-- Generated by org.testng.reporters.JUnitReportReporter -->
<testsuite hostname="pelg01" failures="0" tests="13" name="Tests.UpdateUserPlatformAdminTest" time="190.687" errors="0" timestamp="2022-01-30T23:29:24 GMT" skipped="0">
  <testcase classname="Tests.UpdateUserPlatformAdminTest" name="update_user_enable_disable" time="26.436"/>
  <system-out/>
  <testcase classname="Tests.UpdateUserPlatformAdminTest" name="blank_name_valid_password" time="13.356"/>
  <system-out/>
  <testcase classname="Tests.UpdateUserPlatformAdminTest" name="blank_username_invalid_password" time="18.431"/>
  <system-out/>
  <testcase classname="Tests.UpdateUserPlatformAdminTest" name="invalid_name_blank_password" time="20.734"/>
  <system-out/>
  <testcase classname="Tests.UpdateUserPlatformAdminTest" name="blank_username_blank_password" time="14.431"/>
  <system-out/>
  <testcase classname="Tests.UpdateUserPlatformAdminTest" name="invalid_username_invalid_password" time="16.611"/>
  <system-out/>
  <testcase classname="Tests.UpdateUserPlatformAdminTest" name="valid_name_and_blank_password" time="11.256"/>
  <system-out/>
  <testcase classname="Tests.UpdateUserPlatformAdminTest" name="all_combinations_of_password_policy_as_userid" time="10.453"/>
  <system-out/>
  <testcase classname="Tests.UpdateUserPlatformAdminTest" name="password_field_contains_alphabet_digit_special_char" time="11.384"/>
  <system-out/>
  <testcase classname="Tests.UpdateUserPlatformAdminTest" name="password_field_must_have_at_least_one_upper_lower_alphabet" time="11.526"/>
  <system-out/>
  <testcase classname="Tests.UpdateUserPlatformAdminTest" name="password_field_must_have_length_to_be_minimum_eight" time="12.340"/>
  <system-out/>
  <testcase classname="Tests.UpdateUserPlatformAdminTest" name="password_field_length_max_length_twelve" time="12.372"/>
  <system-out/>
  <testcase classname="Tests.UpdateUserPlatformAdminTest" name="only_alphabets" time="11.357"/>
  <system-out/>
</testsuite> <!-- Tests.UpdateUserPlatformAdminTest -->
