<?xml version="1.0" encoding="UTF-8"?>
<!-- Generated by org.testng.reporters.JUnitReportReporter -->
<testsuite hostname="pelg01" failures="0" tests="8" name="Tests.CreateUserPlatformAdminTest" time="100.924" errors="0" timestamp="2022-01-30T23:29:24 GMT" skipped="0">
  <testcase classname="Tests.CreateUserPlatformAdminTest" name="blank_username_blank_password" time="13.824"/>
  <system-out/>
  <testcase classname="Tests.CreateUserPlatformAdminTest" name="valid_username_blank_password" time="10.495"/>
  <system-out/>
  <testcase classname="Tests.CreateUserPlatformAdminTest" name="blank_username_valid_password" time="9.541"/>
  <system-out/>
  <testcase classname="Tests.CreateUserPlatformAdminTest" name="invalid_username_blank_password" time="9.501"/>
  <system-out/>
  <testcase classname="Tests.CreateUserPlatformAdminTest" name="blank_username_invalid_password" time="9.491"/>
  <system-out/>
  <testcase classname="Tests.CreateUserPlatformAdminTest" name="invalid_credentials" time="11.680"/>
  <system-out/>
  <testcase classname="Tests.CreateUserPlatformAdminTest" name="create_user_with_existing_username_password" time="14.422"/>
  <system-out/>
  <testcase classname="Tests.CreateUserPlatformAdminTest" name="search_user" time="21.970"/>
  <system-out/>
</testsuite> <!-- Tests.CreateUserPlatformAdminTest -->
