<?xml version="1.0" encoding="UTF-8"?>
<!-- Generated by org.testng.reporters.JUnitReportReporter -->
<testsuite hostname="pelg01" failures="0" tests="20" name="Tests.ProjectFlowStructuredTest" time="559.938" errors="0" timestamp="2022-01-30T23:29:24 GMT" skipped="0">
  <testcase classname="Tests.ProjectFlowStructuredTest" name="create_project_with_blank_data" time="7.150"/>
  <system-out/>
  <testcase classname="Tests.ProjectFlowStructuredTest" name="next_button_with_blank_info_for_platform_admin" time="12.701"/>
  <system-out/>
  <testcase classname="Tests.ProjectFlowStructuredTest" name="cancel_with_blank_info" time="15.491"/>
  <system-out/>
  <testcase classname="Tests.ProjectFlowStructuredTest" name="create_project_with_invalid_name" time="60.568"/>
  <system-out/>
  <testcase classname="Tests.ProjectFlowStructuredTest" name="create_project_without_template" time="42.447"/>
  <system-out/>
  <testcase classname="Tests.ProjectFlowStructuredTest" name="create_project_without_role" time="6.510"/>
  <system-out/>
  <testcase classname="Tests.ProjectFlowStructuredTest" name="create_project_without_user_and_with_valid_data" time="25.148"/>
  <system-out/>
  <testcase classname="Tests.ProjectFlowStructuredTest" name="create_project_with_disable_status" time="67.109"/>
  <system-out/>
  <testcase classname="Tests.ProjectFlowStructuredTest" name="create_project_only_with_role_info" time="33.658"/>
  <system-out/>
  <testcase classname="Tests.ProjectFlowStructuredTest" name="create_project_with_blank_info" time="15.796"/>
  <system-out/>
  <testcase classname="Tests.ProjectFlowStructuredTest" name="verify_next_button_with_blank_info" time="11.615"/>
  <system-out/>
  <testcase classname="Tests.ProjectFlowStructuredTest" name="verify_cancel_with_blank_info" time="14.501"/>
  <system-out/>
  <testcase classname="Tests.ProjectFlowStructuredTest" name="create_project_with_invalid_project_name" time="60.318"/>
  <system-out/>
  <testcase classname="Tests.ProjectFlowStructuredTest" name="create_project_without_template_for_admin" time="42.506"/>
  <system-out/>
  <testcase classname="Tests.ProjectFlowStructuredTest" name="create_project_without_role_for_admin" time="6.297"/>
  <system-out/>
  <testcase classname="Tests.ProjectFlowStructuredTest" name="create_project_without_user_for_admin" time="8.805"/>
  <system-out/>
  <testcase classname="Tests.ProjectFlowStructuredTest" name="create_project_with_disable_status_for_admin" time="63.642"/>
  <system-out/>
  <testcase classname="Tests.ProjectFlowStructuredTest" name="create_project_only_with_role_info_for_admin" time="33.341"/>
  <system-out/>
  <testcase classname="Tests.ProjectFlowStructuredTest" name="table_structure" time="25.019"/>
  <system-out/>
  <testcase classname="Tests.ProjectFlowStructuredTest" name="items_per_page" time="7.316"/>
  <system-out/>
</testsuite> <!-- Tests.ProjectFlowStructuredTest -->
