<?xml version="1.0" encoding="UTF-8"?>
<!-- Generated by org.testng.reporters.JUnitReportReporter -->
<testsuite hostname="pelg01" failures="0" tests="5" name="Tests.ForgetPwdTest" time="41.809" errors="0" timestamp="2022-01-30T23:29:24 GMT" skipped="0">
  <testcase classname="Tests.ForgetPwdTest" name="click_on_cancel_button_on_forgot_password" time="13.517"/>
  <system-out/>
  <testcase classname="Tests.ForgetPwdTest" name="first_login_not_done" time="5.384"/>
  <system-out/>
  <testcase classname="Tests.ForgetPwdTest" name="invalid_email" time="4.437"/>
  <system-out/>
  <testcase classname="Tests.ForgetPwdTest" name="user_not_exists" time="8.825"/>
  <system-out/>
  <testcase classname="Tests.ForgetPwdTest" name="disable_user" time="9.646"/>
  <system-out/>
</testsuite> <!-- Tests.ForgetPwdTest -->
