<?xml version="1.0" encoding="UTF-8"?>
<!-- Generated by org.testng.reporters.JUnitReportReporter -->
<testsuite hostname="NTS-SuwarnaJ" failures="0" tests="6" name="Tests.ProjectBREMedicalChartDocumentTest1" time="113.785" errors="0" timestamp="2022-04-01T13:48:29 IST" skipped="0">
  <testcase classname="Tests.ProjectBREMedicalChartDocumentTest1" name="verify_rejected_document_no_data_extracted_on_medical_chart" time="28.458"/>
  <system-out/>
  <testcase classname="Tests.ProjectBREMedicalChartDocumentTest1" name="edit_encounter_detail_and_enter_invalid_npi_physician_on_medical_chart" time="16.093"/>
  <system-out/>
  <testcase classname="Tests.ProjectBREMedicalChartDocumentTest1" name="run_rule_for_invalid_physicians_sign_on_medical_chart" time="20.687"/>
  <system-out/>
  <testcase classname="Tests.ProjectBREMedicalChartDocumentTest1" name="verify_icd_on_medical_chart" time="38.164"/>
  <system-out/>
  <testcase classname="Tests.ProjectBREMedicalChartDocumentTest1" name="save_without_hcc_comments_on_medical_chart" time="1.223"/>
  <system-out/>
  <testcase classname="Tests.ProjectBREMedicalChartDocumentTest1" name="save_with_hcc_comments_on_medical_chart" time="9.160"/>
  <system-out/>
</testsuite> <!-- Tests.ProjectBREMedicalChartDocumentTest1 -->
