<?xml version="1.0" encoding="UTF-8"?>
<!-- Generated by org.testng.reporters.JUnitReportReporter -->
<testsuite hostname="pelg01" failures="0" tests="18" name="Tests.UpdateProjectTest" time="461.630" errors="0" timestamp="2022-01-30T23:29:24 GMT" skipped="0">
  <testcase classname="Tests.UpdateProjectTest" name="updating_project_with_valid_data" time="20.916"/>
  <system-out/>
  <testcase classname="Tests.UpdateProjectTest" name="to_maintain_script" time="25.712"/>
  <system-out/>
  <testcase classname="Tests.UpdateProjectTest" name="update_project_when_role_status_disabled" time="29.064"/>
  <system-out/>
  <testcase classname="Tests.UpdateProjectTest" name="disabled_roles_are_not_displayed_in_add_role_list" time="35.373"/>
  <system-out/>
  <testcase classname="Tests.UpdateProjectTest" name="update_project_button_when_role_and_user_status_enabled" time="18.394"/>
  <system-out/>
  <testcase classname="Tests.UpdateProjectTest" name="enabled_roles_" time="18.378"/>
  <system-out/>
  <testcase classname="Tests.UpdateProjectTest" name="user_should_not_add_user_when_role_disabled" time="33.986"/>
  <system-out/>
  <testcase classname="Tests.UpdateProjectTest" name="update_project_role_should_not_have_empty_user" time="39.592"/>
  <system-out/>
  <testcase classname="Tests.UpdateProjectTest" name="update_project_by_entering_valid_data" time="27.192"/>
  <system-out/>
  <testcase classname="Tests.UpdateProjectTest" name="to_maintain_script_two" time="24.280"/>
  <system-out/>
  <testcase classname="Tests.UpdateProjectTest" name="update_project_when_role_and_status_disable" time="30.534"/>
  <system-out/>
  <testcase classname="Tests.UpdateProjectTest" name="disabled_roles_are_not_displayed_in_role_list_for_admin" time="32.691"/>
  <system-out/>
  <testcase classname="Tests.UpdateProjectTest" name="when_role_status_is_enabled_for_admin" time="17.905"/>
  <system-out/>
  <testcase classname="Tests.UpdateProjectTest" name="all_roles_are_displayed_in_add_list" time="18.014"/>
  <system-out/>
  <testcase classname="Tests.UpdateProjectTest" name="user_should_not_able_to_add_user_when_role_is_disabled_SP" time="24.362"/>
  <system-out/>
  <testcase classname="Tests.UpdateProjectTest" name="role_should_not_have_empty_user_for_supervisor" time="25.246"/>
  <system-out/>
  <testcase classname="Tests.UpdateProjectTest" name="status_is_disabled_for_admin_when_action_is_false" time="15.871"/>
  <system-out/>
  <testcase classname="Tests.UpdateProjectTest" name="status_is_disabled_for_admin_when_action_is_true" time="24.120"/>
  <system-out/>
</testsuite> <!-- Tests.UpdateProjectTest -->
