<?xml version="1.0" encoding="UTF-8"?>
<!-- Generated by org.testng.reporters.JUnitReportReporter -->
<testsuite hostname="pelg01" failures="0" tests="9" name="Tests.DocProcessSemiStructuredTest" time="111.511" errors="0" timestamp="2022-01-30T23:29:24 GMT" skipped="0">
  <testcase classname="Tests.DocProcessSemiStructuredTest" name="search_project" time="14.096"/>
  <system-out/>
  <testcase classname="Tests.DocProcessSemiStructuredTest" name="searchbox_document" time="4.254"/>
  <system-out/>
  <testcase classname="Tests.DocProcessSemiStructuredTest" name="update_document_cancel" time="19.641"/>
  <system-out/>
  <testcase classname="Tests.DocProcessSemiStructuredTest" name="hide_unhide_analytics" time="4.130"/>
  <system-out/>
  <testcase classname="Tests.DocProcessSemiStructuredTest" name="documents_filter" time="14.444"/>
  <system-out/>
  <testcase classname="Tests.DocProcessSemiStructuredTest" name="sorting" time="19.601"/>
  <system-out/>
  <testcase classname="Tests.DocProcessSemiStructuredTest" name="items_page" time="4.221"/>
  <system-out/>
  <testcase classname="Tests.DocProcessSemiStructuredTest" name="next_page_previous_page_first_page_last_page" time="8.256"/>
  <system-out/>
  <testcase classname="Tests.DocProcessSemiStructuredTest" name="anticlockwise_clockwise_zoomin_zoomout_navigate_right_left" time="22.868"/>
  <system-out/>
</testsuite> <!-- Tests.DocProcessSemiStructuredTest -->
