<?xml version="1.0" encoding="UTF-8"?>
<!-- Generated by org.testng.reporters.JUnitReportReporter -->
<testsuite hostname="pelg01" failures="0" tests="2" name="Tests.ProjectBREMedicalChartDocumentTest" time="75.650" errors="0" timestamp="2022-01-30T23:29:24 GMT" skipped="0">
  <testcase classname="Tests.ProjectBREMedicalChartDocumentTest" name="verify_save_draft_option_for_patient_demographics" time="42.177"/>
  <system-out/>
  <testcase classname="Tests.ProjectBREMedicalChartDocumentTest" name="verify_save_draft_option_for_chronic_conditions" time="33.473"/>
  <system-out/>
</testsuite> <!-- Tests.ProjectBREMedicalChartDocumentTest -->
