<?xml version="1.0" encoding="UTF-8"?>
<!-- Generated by org.testng.reporters.JUnitReportReporter -->
<testsuite hostname="pelg01" failures="0" tests="5" name="Tests.ProjectFlowSemiStructureTest" time="69.092" errors="0" timestamp="2022-01-30T23:29:24 GMT" skipped="0">
  <testcase classname="Tests.ProjectFlowSemiStructureTest" name="check_all_the_functions_on_project_page" time="30.304"/>
  <system-out/>
  <testcase classname="Tests.ProjectFlowSemiStructureTest" name="check_delete_attribute" time="2.107"/>
  <system-out/>
  <testcase classname="Tests.ProjectFlowSemiStructureTest" name="create_project_without_role" time="19.019"/>
  <system-out/>
  <testcase classname="Tests.ProjectFlowSemiStructureTest" name="navigate_to_data_page_and_Rules_page" time="8.332"/>
  <system-out/>
  <testcase classname="Tests.ProjectFlowSemiStructureTest" name="verify_create_project" time="9.330"/>
  <system-out/>
</testsuite> <!-- Tests.ProjectFlowSemiStructureTest -->
