<?xml version="1.0" encoding="UTF-8"?>
<!-- Generated by org.testng.reporters.JUnitReportReporter -->
<testsuite hostname="pelg01" failures="0" tests="11" name="Tests.CreateUpdateRoleAdminTest" time="166.457" errors="0" timestamp="2022-01-30T23:29:24 GMT" skipped="0">
  <testcase classname="Tests.CreateUpdateRoleAdminTest" name="login_with_valid_details" time="29.612"/>
  <system-out/>
  <testcase classname="Tests.CreateUpdateRoleAdminTest" name="blank_role_name_permission" time="8.704"/>
  <system-out/>
  <testcase classname="Tests.CreateUpdateRoleAdminTest" name="valid_role_name_blank_permission" time="13.810"/>
  <system-out/>
  <testcase classname="Tests.CreateUpdateRoleAdminTest" name="blank_role_name_valid_permission" time="14.469"/>
  <system-out/>
  <testcase classname="Tests.CreateUpdateRoleAdminTest" name="valid_role_and_permission" time="18.512"/>
  <system-out/>
  <testcase classname="Tests.CreateUpdateRoleAdminTest" name="create_role_with_existing_rolename" time="19.566"/>
  <system-out/>
  <testcase classname="Tests.CreateUpdateRoleAdminTest" name="search_created_role" time="2.230"/>
  <system-out/>
  <testcase classname="Tests.CreateUpdateRoleAdminTest" name="update_role_with_valid_data" time="20.489"/>
  <system-out/>
  <testcase classname="Tests.CreateUpdateRoleAdminTest" name="remove_all_permissions" time="12.373"/>
  <system-out/>
  <testcase classname="Tests.CreateUpdateRoleAdminTest" name="disable_the_status_of_role_update" time="11.245"/>
  <system-out/>
  <testcase classname="Tests.CreateUpdateRoleAdminTest" name="enable_status_role_update" time="15.447"/>
  <system-out/>
</testsuite> <!-- Tests.CreateUpdateRoleAdminTest -->
